<?xml version="1.0" encoding="utf-8"?><testsuites><testsuite name="pytest" errors="0" failures="0" skipped="0" tests="6" time="83.427" timestamp="2022-06-12T16:53:59.806461" hostname="linux"><testcase classname="full_paid_with_two_attempts" name="test_qr" time="3.481" /><testcase classname="full_paid_with_two_attempts" name="test_fetch_order" time="25.074" /><testcase classname="full_paid_with_two_attempts" name="test_stripe" time="17.514" /><testcase classname="full_paid_with_two_attempts" name="test_pay" time="15.065" /><testcase classname="full_paid_with_two_attempts" name="test_back_to_order" time="22.153" /><testcase classname="full_paid_with_two_attempts" name="test_finish" time="0.071" /></testsuite></testsuites>