<?xml version="1.0" encoding="utf-8"?><testsuites><testsuite name="pytest" errors="0" failures="0" skipped="0" tests="12" time="114.147" timestamp="2022-06-12T15:59:38.181855" hostname="linux"><testcase classname="partial_paid_with_modify_1" name="test_qr" time="18.510" /><testcase classname="partial_paid_with_modify_1" name="test_fetch_order" time="10.074" /><testcase classname="partial_paid_with_modify_1" name="test_lets_split" time="2.144" /><testcase classname="partial_paid_with_modify_1" name="test_edit_name" time="4.224" /><testcase classname="partial_paid_with_modify_1" name="test_set_amount" time="5.191" /><testcase classname="partial_paid_with_modify_1" name="test_refresh_button" time="20.091" /><testcase classname="partial_paid_with_modify_1" name="test_stripe" time="15.256" /><testcase classname="partial_paid_with_modify_1" name="test_pay" time="15.054" /><testcase classname="partial_paid_with_modify_1" name="test_rate" time="3.157" /><testcase classname="partial_paid_with_modify_1" name="test_email" time="10.215" /><testcase classname="partial_paid_with_modify_1" name="test_dl_recipet" time="10.071" /><testcase classname="partial_paid_with_modify_1" name="test_finish" time="0.070" /></testsuite></testsuites>