<?xml version="1.0" encoding="utf-8"?><testsuites><testsuite name="pytest" errors="0" failures="0" skipped="0" tests="12" time="105.633" timestamp="2022-06-12T12:36:39.146587" hostname="linux"><testcase classname="tip_paid" name="test_qr" time="23.343" /><testcase classname="tip_paid" name="test_fetch_order" time="15.065" /><testcase classname="tip_paid" name="test_lets_split" time="2.082" /><testcase classname="tip_paid" name="test_edit_name" time="2.182" /><testcase classname="tip_paid" name="test_set_amount" time="5.075" /><testcase classname="tip_paid" name="test_add_tip" time="6.050" /><testcase classname="tip_paid" name="test_strip" time="13.313" /><testcase classname="tip_paid" name="test_pay" time="15.060" /><testcase classname="tip_paid" name="test_rate" time="3.069" /><testcase classname="tip_paid" name="test_email" time="10.164" /><testcase classname="tip_paid" name="test_dl_recipet" time="10.072" /><testcase classname="tip_paid" name="test_finish" time="0.069" /></testsuite></testsuites>