<?xml version="1.0" encoding="utf-8"?><testsuites><testsuite name="pytest" errors="0" failures="0" skipped="0" tests="10" time="83.092" timestamp="2022-06-12T18:24:24.500119" hostname="linux"><testcase classname="full_paid_with_edit_name" name="test_qr" time="13.681" /><testcase classname="full_paid_with_edit_name" name="test_fetch_order" time="9.047" /><testcase classname="full_paid_with_edit_name" name="test_lets_split" time="2.154" /><testcase classname="full_paid_with_edit_name" name="test_edit_name" time="6.250" /><testcase classname="full_paid_with_edit_name" name="test_stripe" time="13.355" /><testcase classname="full_paid_with_edit_name" name="test_pay" time="15.059" /><testcase classname="full_paid_with_edit_name" name="test_rate" time="3.077" /><testcase classname="full_paid_with_edit_name" name="test_email" time="10.144" /><testcase classname="full_paid_with_edit_name" name="test_dl_recipet" time="10.151" /><testcase classname="full_paid_with_edit_name" name="test_finish" time="0.097" /></testsuite></testsuites>