<?xml version="1.0" encoding="utf-8"?><testsuites><testsuite name="pytest" errors="0" failures="0" skipped="0" tests="11" time="113.774" timestamp="2022-06-12T14:11:53.896176" hostname="linux"><testcase classname="partial_paid_with_tip_2p" name="test_two_participant" time="2.597" /><testcase classname="partial_paid_with_tip_2p" name="test_qr" time="3.872" /><testcase classname="partial_paid_with_tip_2p" name="test_fetch_order" time="35.425" /><testcase classname="partial_paid_with_tip_2p" name="test_edit_name" time="7.249" /><testcase classname="partial_paid_with_tip_2p" name="test_set_amount" time="0.178" /><testcase classname="partial_paid_with_tip_2p" name="test_add_tip" time="10.136" /><testcase classname="partial_paid_with_tip_2p" name="test_stripe_p1" time="13.258" /><testcase classname="partial_paid_with_tip_2p" name="test_pay_p1" time="15.053" /><testcase classname="partial_paid_with_tip_2p" name="test_stripe_p2" time="10.248" /><testcase classname="partial_paid_with_tip_2p" name="test_pay_p2" time="15.250" /><testcase classname="partial_paid_with_tip_2p" name="test_finish" time="0.430" /></testsuite></testsuites>