<?xml version="1.0" encoding="utf-8"?><testsuites><testsuite name="pytest" errors="0" failures="0" skipped="0" tests="12" time="99.693" timestamp="2022-06-12T13:34:58.606620" hostname="linux"><testcase classname="partial_paid_with_tip" name="test_qr" time="23.273" /><testcase classname="partial_paid_with_tip" name="test_fetch_order" time="0.043" /><testcase classname="partial_paid_with_tip" name="test_lets_split" time="9.205" /><testcase classname="partial_paid_with_tip" name="test_edit_name" time="4.181" /><testcase classname="partial_paid_with_tip" name="test_set_amount" time="5.111" /><testcase classname="partial_paid_with_tip" name="test_add_tip" time="6.058" /><testcase classname="partial_paid_with_tip" name="test_stripe" time="13.265" /><testcase classname="partial_paid_with_tip" name="test_pay" time="15.062" /><testcase classname="partial_paid_with_tip" name="test_rate" time="3.106" /><testcase classname="partial_paid_with_tip" name="test_email" time="10.157" /><testcase classname="partial_paid_with_tip" name="test_dl_recipet" time="10.074" /><testcase classname="partial_paid_with_tip" name="test_finish" time="0.070" /></testsuite></testsuites>