<?xml version="1.0" encoding="utf-8"?><testsuites><testsuite name="pytest" errors="0" failures="0" skipped="0" tests="7" time="82.107" timestamp="2022-06-12T18:05:31.303468" hostname="linux"><testcase classname="full_paid_with_tip_2p" name="test_qr" time="22.551" /><testcase classname="full_paid_with_tip_2p" name="test_fetch_order" time="10.285" /><testcase classname="full_paid_with_tip_2p" name="test_stripe" time="13.591" /><testcase classname="full_paid_with_tip_2p" name="test_add_tip" time="5.069" /><testcase classname="full_paid_with_tip_2p" name="test_pay" time="15.105" /><testcase classname="full_paid_with_tip_2p" name="test_refresh_button" time="15.322" /><testcase classname="full_paid_with_tip_2p" name="test_finish" time="0.105" /></testsuite></testsuites>