<?xml version="1.0" encoding="utf-8"?><testsuites><testsuite name="pytest" errors="0" failures="0" skipped="0" tests="10" time="105.253" timestamp="2022-06-12T16:10:50.327518" hostname="linux"><testcase classname="partial_paid_2p" name="test_two_participant" time="2.394" /><testcase classname="partial_paid_2p" name="test_qr" time="5.124" /><testcase classname="partial_paid_2p" name="test_fetch_order" time="35.533" /><testcase classname="partial_paid_2p" name="test_edit_name" time="7.272" /><testcase classname="partial_paid_2p" name="test_set_amount" time="0.195" /><testcase classname="partial_paid_2p" name="test_stripe_p1" time="13.271" /><testcase classname="partial_paid_2p" name="test_pay_p1" time="15.064" /><testcase classname="partial_paid_2p" name="test_stripe_p2" time="10.169" /><testcase classname="partial_paid_2p" name="test_pay_p2" time="15.728" /><testcase classname="partial_paid_2p" name="test_finish" time="0.425" /></testsuite></testsuites>