<?xml version="1.0" encoding="utf-8"?><testsuites><testsuite name="pytest" errors="0" failures="0" skipped="0" tests="9" time="80.555" timestamp="2022-06-12T16:58:14.990762" hostname="linux"><testcase classname="full_paid_with_tip" name="test_qr" time="13.263" /><testcase classname="full_paid_with_tip" name="test_fetch_order" time="9.089" /><testcase classname="full_paid_with_tip" name="test_add_tip" time="6.103" /><testcase classname="full_paid_with_tip" name="test_stripe" time="13.348" /><testcase classname="full_paid_with_tip" name="test_pay" time="15.055" /><testcase classname="full_paid_with_tip" name="test_rate" time="3.156" /><testcase classname="full_paid_with_tip" name="test_email" time="10.248" /><testcase classname="full_paid_with_tip" name="test_dl_recipet" time="10.126" /><testcase classname="full_paid_with_tip" name="test_finish" time="0.072" /></testsuite></testsuites>