<?xml version="1.0" encoding="utf-8"?><testsuites><testsuite name="pytest" errors="0" failures="0" skipped="0" tests="9" time="102.455" timestamp="2022-06-12T18:20:42.967739" hostname="linux"><testcase classname="full_paid_with_modify_1" name="test_qr" time="18.335" /><testcase classname="full_paid_with_modify_1" name="test_fetch_order" time="10.061" /><testcase classname="full_paid_with_modify_1" name="test_refresh_button" time="20.089" /><testcase classname="full_paid_with_modify_1" name="test_stripe" time="15.388" /><testcase classname="full_paid_with_modify_1" name="test_pay" time="15.087" /><testcase classname="full_paid_with_modify_1" name="test_rate" time="3.079" /><testcase classname="full_paid_with_modify_1" name="test_email" time="10.186" /><testcase classname="full_paid_with_modify_1" name="test_dl_recipet" time="10.082" /><testcase classname="full_paid_with_modify_1" name="test_finish" time="0.070" /></testsuite></testsuites>