<?xml version="1.0" encoding="utf-8"?><testsuites><testsuite name="pytest" errors="0" failures="0" skipped="0" tests="61" time="553.869" timestamp="2022-10-10T13:08:25.569892" hostname="linux"><testcase classname="fail_paid_with_amex" name="test_qr" time="13.123" /><testcase classname="fail_paid_with_amex" name="test_fetch_order" time="10.049" /><testcase classname="fail_paid_with_amex" name="test_checkout" time="6.396" /><testcase classname="fail_paid_with_amex" name="test_pay" time="15.134" /><testcase classname="fail_paid_with_amex" name="test_finish" time="0.079" /><testcase classname="fail_paid" name="test_qr" time="13.254" /><testcase classname="fail_paid" name="test_fetch_order" time="10.054" /><testcase classname="fail_paid" name="test_tip" time="5.065" /><testcase classname="fail_paid" name="test_checkout_wrong" time="6.350" /><testcase classname="fail_paid" name="test_pay" time="15.060" /><testcase classname="fail_paid" name="test_finish" time="0.086" /><testcase classname="full_paid_with_mastercard" name="test_qr" time="13.266" /><testcase classname="full_paid_with_mastercard" name="test_fetch_order" time="10.053" /><testcase classname="full_paid_with_mastercard" name="test_checkout" time="6.255" /><testcase classname="full_paid_with_mastercard" name="test_pay" time="15.066" /><testcase classname="full_paid_with_mastercard" name="test_finish" time="0.080" /><testcase classname="full_paid_with_tip" name="test_qr" time="13.297" /><testcase classname="full_paid_with_tip" name="test_fetch_order" time="10.058" /><testcase classname="full_paid_with_tip" name="test_tip" time="5.134" /><testcase classname="full_paid_with_tip" name="test_checkout" time="6.274" /><testcase classname="full_paid_with_tip" name="test_pay" time="15.058" /><testcase classname="full_paid_with_tip" name="test_finish" time="0.079" /><testcase classname="full_paid_with_visa" name="test_qr" time="13.497" /><testcase classname="full_paid_with_visa" name="test_fetch_order" time="10.062" /><testcase classname="full_paid_with_visa" name="test_checkout" time="6.275" /><testcase classname="full_paid_with_visa" name="test_pay" time="15.101" /><testcase classname="full_paid_with_visa" name="test_finish" time="0.085" /><testcase classname="full_paid_with_wrong_card" name="test_qr" time="13.271" /><testcase classname="full_paid_with_wrong_card" name="test_fetch_order" time="10.050" /><testcase classname="full_paid_with_wrong_card" name="test_checkout_fail" time="6.333" /><testcase classname="full_paid_with_wrong_card" name="test_pay" time="15.090" /><testcase classname="full_paid_with_wrong_card" name="test_checkout_pass" time="6.170" /><testcase classname="full_paid_with_wrong_card" name="test_pay_again" time="15.048" /><testcase classname="full_paid_with_wrong_card" name="test_finish" time="0.090" /><testcase classname="partial_paid_with_mastercard" name="test_qr" time="13.437" /><testcase classname="partial_paid_with_mastercard" name="test_fetch_order" time="10.117" /><testcase classname="partial_paid_with_mastercard" name="test_split" time="10.065" /><testcase classname="partial_paid_with_mastercard" name="test_bycustom" time="7.054" /><testcase classname="partial_paid_with_mastercard" name="test_select" time="7.153" /><testcase classname="partial_paid_with_mastercard" name="test_confirm" time="15.060" /><testcase classname="partial_paid_with_mastercard" name="test_checkout" time="6.389" /><testcase classname="partial_paid_with_mastercard" name="test_pay" time="15.059" /><testcase classname="partial_paid_with_mastercard" name="test_finish" time="0.085" /><testcase classname="partial_paid_with_tip" name="test_qr" time="13.456" /><testcase classname="partial_paid_with_tip" name="test_fetch_order" time="10.053" /><testcase classname="partial_paid_with_tip" name="test_split" time="10.070" /><testcase classname="partial_paid_with_tip" name="test_bycustom" time="7.054" /><testcase classname="partial_paid_with_tip" name="test_select" time="7.130" /><testcase classname="partial_paid_with_tip" name="test_confirm" time="15.073" /><testcase classname="partial_paid_with_tip" name="test_checkout" time="6.249" /><testcase classname="partial_paid_with_tip" name="test_pay" time="15.097" /><testcase classname="partial_paid_with_tip" name="test_finish" time="0.088" /><testcase classname="partial_paid_with_visa" name="test_qr" time="13.543" /><testcase classname="partial_paid_with_visa" name="test_fetch_order" time="10.053" /><testcase classname="partial_paid_with_visa" name="test_split" time="10.061" /><testcase classname="partial_paid_with_visa" name="test_bycustom" time="7.054" /><testcase classname="partial_paid_with_visa" name="test_select" time="7.118" /><testcase classname="partial_paid_with_visa" name="test_confirm" time="15.065" /><testcase classname="partial_paid_with_visa" name="test_checkout" time="6.288" /><testcase classname="partial_paid_with_visa" name="test_pay" time="15.118" /><testcase classname="partial_paid_with_visa" name="test_finish" time="0.086" /></testsuite></testsuites>