<?xml version="1.0" encoding="utf-8"?><testsuites><testsuite name="pytest" errors="0" failures="0" skipped="0" tests="21" time="166.725" timestamp="2022-10-14T14:14:20.204282" hostname="linux"><testcase classname="fail_paid" name="test_qr" time="13.524" /><testcase classname="fail_paid" name="test_fetch_order" time="10.062" /><testcase classname="fail_paid" name="test_add_tip" time="6.077" /><testcase classname="fail_paid" name="test_paypay" time="15.063" /><testcase classname="fail_paid" name="test_pay" time="3.872" /><testcase classname="fail_paid" name="test_finish" time="0.107" /><testcase classname="full_paid_with_tip" name="test_qr" time="13.509" /><testcase classname="full_paid_with_tip" name="test_fetch_order" time="10.063" /><testcase classname="full_paid_with_tip" name="test_add_tip" time="6.065" /><testcase classname="full_paid_with_tip" name="test_paypay" time="15.063" /><testcase classname="full_paid_with_tip" name="test_pay" time="3.859" /><testcase classname="full_paid_with_tip" name="test_finish" time="0.091" /><testcase classname="partial_paid_with_tip" name="test_qr" time="13.609" /><testcase classname="partial_paid_with_tip" name="test_fetch_order" time="10.056" /><testcase classname="partial_paid_with_tip" name="test_add_tip" time="6.063" /><testcase classname="partial_paid_with_tip" name="test_split" time="10.072" /><testcase classname="partial_paid_with_tip" name="test_bycustom" time="7.055" /><testcase classname="partial_paid_with_tip" name="test_select" time="7.087" /><testcase classname="partial_paid_with_tip" name="test_confirm" time="15.066" /><testcase classname="partial_paid_with_tip" name="test_paypay" time="0.050" /><testcase classname="partial_paid_with_tip" name="test_finish" time="0.113" /></testsuite></testsuites>