<?xml version="1.0" encoding="utf-8"?><testsuites><testsuite name="pytest" errors="0" failures="0" skipped="0" tests="29" time="348.150" timestamp="2022-10-14T13:00:04.928090" hostname="linux"><testcase classname="full_paid_with_mastercard" name="test_qr" time="23.286" /><testcase classname="full_paid_with_mastercard" name="test_fetch_order" time="15.071" /><testcase classname="full_paid_with_mastercard" name="test_moyasar" time="5.284" /><testcase classname="full_paid_with_mastercard" name="test_pay" time="12.053" /><testcase classname="full_paid_with_tip" name="test_qr" time="22.877" /><testcase classname="full_paid_with_tip" name="test_fetch_order" time="15.129" /><testcase classname="full_paid_with_tip" name="test_add_tip" time="6.062" /><testcase classname="full_paid_with_tip" name="test_moyasar" time="5.265" /><testcase classname="full_paid_with_tip" name="test_pay" time="12.058" /><testcase classname="full_paid_with_wrong_card" name="test_qr" time="18.255" /><testcase classname="full_paid_with_wrong_card" name="test_fetch_order" time="15.060" /><testcase classname="full_paid_with_wrong_card" name="test_moyasar" time="5.301" /><testcase classname="full_paid_with_wrong_card" name="test_pay" time="12.095" /><testcase classname="partial_paid_with_mastercard" name="test_qr" time="18.276" /><testcase classname="partial_paid_with_mastercard" name="test_fetch_order" time="15.091" /><testcase classname="partial_paid_with_mastercard" name="test_split" time="10.073" /><testcase classname="partial_paid_with_mastercard" name="test_bycustom" time="7.102" /><testcase classname="partial_paid_with_mastercard" name="test_select" time="7.108" /><testcase classname="partial_paid_with_mastercard" name="test_confirm" time="15.128" /><testcase classname="partial_paid_with_mastercard" name="test_moyasar" time="5.333" /><testcase classname="partial_paid_with_mastercard" name="test_pay" time="12.054" /><testcase classname="partial_paid_with_tip" name="test_qr" time="18.037" /><testcase classname="partial_paid_with_tip" name="test_fetch_order" time="15.056" /><testcase classname="partial_paid_with_tip" name="test_split" time="10.115" /><testcase classname="partial_paid_with_tip" name="test_bycustom" time="7.054" /><testcase classname="partial_paid_with_tip" name="test_select" time="7.070" /><testcase classname="partial_paid_with_tip" name="test_confirm" time="15.118" /><testcase classname="partial_paid_with_tip" name="test_moyasar" time="5.290" /><testcase classname="partial_paid_with_tip" name="test_pay" time="12.073" /></testsuite></testsuites>