<?xml version="1.0" encoding="utf-8"?><testsuites><testsuite name="pytest" errors="0" failures="0" skipped="0" tests="37" time="460.638" timestamp="2022-10-14T14:20:37.269037" hostname="linux"><testcase classname="full_paid_with_amex" name="test_qr" time="24.107" /><testcase classname="full_paid_with_amex" name="test_fetch_order" time="15.049" /><testcase classname="full_paid_with_amex" name="test_maf" time="5.158" /><testcase classname="full_paid_with_amex" name="test_pay" time="12.050" /><testcase classname="full_paid_with_mastercard" name="test_qr" time="23.550" /><testcase classname="full_paid_with_mastercard" name="test_fetch_order" time="15.062" /><testcase classname="full_paid_with_mastercard" name="test_maf" time="5.233" /><testcase classname="full_paid_with_mastercard" name="test_pay" time="12.040" /><testcase classname="full_paid_with_visa_tip" name="test_qr" time="23.531" /><testcase classname="full_paid_with_visa_tip" name="test_fetch_order" time="15.082" /><testcase classname="full_paid_with_visa_tip" name="test_tip" time="5.053" /><testcase classname="full_paid_with_visa_tip" name="test_maf" time="5.162" /><testcase classname="full_paid_with_visa_tip" name="test_pay" time="12.051" /><testcase classname="partial_paid_with_amex" name="test_qr" time="25.080" /><testcase classname="partial_paid_with_amex" name="test_fetch_order" time="15.058" /><testcase classname="partial_paid_with_amex" name="test_split" time="10.066" /><testcase classname="partial_paid_with_amex" name="test_bycustom" time="7.055" /><testcase classname="partial_paid_with_amex" name="test_select" time="7.072" /><testcase classname="partial_paid_with_amex" name="test_confirm" time="15.056" /><testcase classname="partial_paid_with_amex" name="test_maf" time="5.178" /><testcase classname="partial_paid_with_amex" name="test_pay" time="12.050" /><testcase classname="partial_paid_with_mastercard" name="test_qr" time="23.847" /><testcase classname="partial_paid_with_mastercard" name="test_fetch_order" time="15.064" /><testcase classname="partial_paid_with_mastercard" name="test_split" time="10.107" /><testcase classname="partial_paid_with_mastercard" name="test_bycustom" time="7.055" /><testcase classname="partial_paid_with_mastercard" name="test_select" time="7.067" /><testcase classname="partial_paid_with_mastercard" name="test_confirm" time="15.106" /><testcase classname="partial_paid_with_mastercard" name="test_maf" time="5.179" /><testcase classname="partial_paid_with_mastercard" name="test_pay" time="12.053" /><testcase classname="partial_paid_with_visa" name="test_qr" time="23.571" /><testcase classname="partial_paid_with_visa" name="test_fetch_order" time="15.067" /><testcase classname="partial_paid_with_visa" name="test_split" time="10.091" /><testcase classname="partial_paid_with_visa" name="test_bycustom" time="7.054" /><testcase classname="partial_paid_with_visa" name="test_select" time="7.064" /><testcase classname="partial_paid_with_visa" name="test_confirm" time="15.120" /><testcase classname="partial_paid_with_visa" name="test_maf" time="5.173" /><testcase classname="partial_paid_with_visa" name="test_pay" time="12.047" /></testsuite></testsuites>