<?xml version="1.0" encoding="utf-8"?><testsuites><testsuite name="pytest" errors="0" failures="0" skipped="0" tests="42" time="449.747" timestamp="2022-10-14T13:49:13.289557" hostname="linux"><testcase classname="full_paid_with_amex" name="test_qr" time="13.311" /><testcase classname="full_paid_with_amex" name="test_fetch_order" time="9.048" /><testcase classname="full_paid_with_amex" name="test_tuna" time="21.369" /><testcase classname="full_paid_with_amex" name="test_pay" time="15.075" /><testcase classname="full_paid_with_amex" name="test_finish" time="0.076" /><testcase classname="full_paid_with_mastercard" name="test_qr" time="13.414" /><testcase classname="full_paid_with_mastercard" name="test_fetch_order" time="9.057" /><testcase classname="full_paid_with_mastercard" name="test_add_tip" time="6.069" /><testcase classname="full_paid_with_mastercard" name="test_tuna" time="21.365" /><testcase classname="full_paid_with_mastercard" name="test_pay" time="15.071" /><testcase classname="full_paid_with_mastercard" name="test_finish" time="0.079" /><testcase classname="full_paid_with_pix" name="test_qr" time="13.373" /><testcase classname="full_paid_with_pix" name="test_fetch_order" time="9.054" /><testcase classname="full_paid_with_pix" name="test_add_tip" time="6.062" /><testcase classname="full_paid_with_pix" name="test_pix" time="15.078" /><testcase classname="full_paid_with_pix" name="test_finish" time="0.081" /><testcase classname="full_paid_with_tip" name="test_qr" time="13.430" /><testcase classname="full_paid_with_tip" name="test_fetch_order" time="9.051" /><testcase classname="full_paid_with_tip" name="test_add_tip" time="6.082" /><testcase classname="full_paid_with_tip" name="test_tuna" time="21.366" /><testcase classname="full_paid_with_tip" name="test_pay" time="15.081" /><testcase classname="full_paid_with_tip" name="test_finish" time="0.078" /><testcase classname="full_paid_with_visa" name="test_qr" time="13.497" /><testcase classname="full_paid_with_visa" name="test_fetch_order" time="9.092" /><testcase classname="full_paid_with_visa" name="test_tuna" time="21.386" /><testcase classname="full_paid_with_visa" name="test_pay" time="15.078" /><testcase classname="full_paid_with_visa" name="test_finish" time="0.079" /><testcase classname="fail_paid" name="test_qr" time="13.459" /><testcase classname="fail_paid" name="test_fetch_order" time="9.054" /><testcase classname="fail_paid" name="test_tuna" time="21.417" /><testcase classname="fail_paid" name="test_tuna_true" time="0.063" /><testcase classname="fail_paid" name="test_pay" time="15.074" /><testcase classname="fail_paid" name="test_finish" time="0.075" /><testcase classname="partial_paid_with_visa" name="test_qr" time="13.547" /><testcase classname="partial_paid_with_visa" name="test_fetch_order" time="9.060" /><testcase classname="partial_paid_with_visa" name="test_split" time="10.139" /><testcase classname="partial_paid_with_visa" name="test_bycustom" time="7.055" /><testcase classname="partial_paid_with_visa" name="test_select" time="7.070" /><testcase classname="partial_paid_with_visa" name="test_confirm" time="15.071" /><testcase classname="partial_paid_with_visa" name="test_tuna" time="21.457" /><testcase classname="partial_paid_with_visa" name="test_pay" time="15.077" /><testcase classname="partial_paid_with_visa" name="test_finish" time="0.085" /></testsuite></testsuites>