<?xml version="1.0" encoding="utf-8"?><testsuites><testsuite name="pytest" errors="0" failures="0" skipped="0" tests="9" time="63.531" timestamp="2022-07-18T11:21:39.163090" hostname="linux"><testcase classname="omnivore.full_paid_with_optional_tip_ch" name="test_qr" time="13.309" /><testcase classname="omnivore.full_paid_with_optional_tip_ch" name="test_fetch_order" time="10.083" /><testcase classname="omnivore.full_paid_with_optional_tip_ch" name="test_split" time="4.084" /><testcase classname="omnivore.full_paid_with_optional_tip_ch" name="test_edit_name" time="4.163" /><testcase classname="omnivore.full_paid_with_optional_tip_ch" name="test_set_amount" time="5.114" /><testcase classname="omnivore.full_paid_with_optional_tip_ch" name="test_optional_tip" time="5.113" /><testcase classname="omnivore.full_paid_with_optional_tip_ch" name="test_checkout" time="6.330" /><testcase classname="omnivore.full_paid_with_optional_tip_ch" name="test_pay" time="15.073" /><testcase classname="omnivore.full_paid_with_optional_tip_ch" name="test_finish" time="0.080" /></testsuite></testsuites>