<?xml version="1.0" encoding="utf-8"?><testsuites><testsuite name="pytest" errors="0" failures="0" skipped="0" tests="8" time="53.813" timestamp="2022-07-18T11:41:20.968902" hostname="linux"><testcase classname="omnivore.partial_paid" name="test_qr" time="13.896" /><testcase classname="omnivore.partial_paid" name="test_fetch_order" time="10.058" /><testcase classname="omnivore.partial_paid" name="test_split" time="4.078" /><testcase classname="omnivore.partial_paid" name="test_edit_name" time="4.167" /><testcase classname="omnivore.partial_paid" name="test_set_amount" time="0.123" /><testcase classname="omnivore.partial_paid" name="test_checkout" time="6.245" /><testcase classname="omnivore.partial_paid" name="test_pay" time="15.042" /><testcase classname="omnivore.partial_paid" name="test_finish" time="0.056" /></testsuite></testsuites>