<?xml version="1.0" encoding="utf-8"?><testsuites><testsuite name="pytest" errors="0" failures="0" skipped="0" tests="6" time="71.926" timestamp="2022-07-18T11:36:01.376283" hostname="linux"><testcase classname="omnivore.full_paid_with_tip" name="test_qr" time="18.148" /><testcase classname="omnivore.full_paid_with_tip" name="test_fetch_order" time="15.082" /><testcase classname="omnivore.full_paid_with_tip" name="test_add_tip" time="15.063" /><testcase classname="omnivore.full_paid_with_tip" name="test_checkout" time="8.345" /><testcase classname="omnivore.full_paid_with_tip" name="test_pay" time="15.058" /><testcase classname="omnivore.full_paid_with_tip" name="test_finish" time="0.073" /></testsuite></testsuites>