<?xml version="1.0" encoding="utf-8"?><testsuites><testsuite name="pytest" errors="0" failures="0" skipped="0" tests="9" time="78.047" timestamp="2022-08-23T12:06:02.342102" hostname="linux"><testcase classname="partial_paid_with_modify_1" name="test_qr" time="12.794" /><testcase classname="partial_paid_with_modify_1" name="test_fetch_order" time="10.082" /><testcase classname="partial_paid_with_modify_1" name="test_split" time="4.122" /><testcase classname="partial_paid_with_modify_1" name="test_edit_name" time="4.225" /><testcase classname="partial_paid_with_modify_1" name="test_set_amount" time="3.107" /><testcase classname="partial_paid_with_modify_1" name="test_checkout" time="13.209" /><testcase classname="partial_paid_with_modify_1" name="test_refresh_button" time="15.141" /><testcase classname="partial_paid_with_modify_1" name="test_pay" time="15.103" /><testcase classname="partial_paid_with_modify_1" name="test_finish" time="0.088" /></testsuite></testsuites>