<?xml version="1.0" encoding="utf-8"?><testsuites><testsuite name="pytest" errors="0" failures="0" skipped="0" tests="9" time="77.014" timestamp="2022-08-23T12:24:51.515380" hostname="linux"><testcase classname="full_paid_with_stripe_optional_tip" name="test_qr" time="13.441" /><testcase classname="full_paid_with_stripe_optional_tip" name="test_fetch_order" time="9.087" /><testcase classname="full_paid_with_stripe_optional_tip" name="test_split" time="4.074" /><testcase classname="full_paid_with_stripe_optional_tip" name="test_edit_name" time="4.198" /><testcase classname="full_paid_with_stripe_optional_tip" name="test_set_amount" time="5.194" /><testcase classname="full_paid_with_stripe_optional_tip" name="test_optional_tip" time="7.151" /><testcase classname="full_paid_with_stripe_optional_tip" name="test_stripe" time="18.385" /><testcase classname="full_paid_with_stripe_optional_tip" name="test_pay" time="15.056" /><testcase classname="full_paid_with_stripe_optional_tip" name="test_finish" time="0.084" /></testsuite></testsuites>