<?xml version="1.0" encoding="utf-8"?><testsuites><testsuite name="pytest" errors="0" failures="0" skipped="0" tests="6" time="62.752" timestamp="2022-08-23T12:02:06.374371" hostname="linux"><testcase classname="full_paid_with_change_language" name="test_setup" time="13.517" /><testcase classname="full_paid_with_change_language" name="test_fetch_order" time="10.058" /><testcase classname="full_paid_with_change_language" name="test_language" time="17.331" /><testcase classname="full_paid_with_change_language" name="test_checkout" time="6.484" /><testcase classname="full_paid_with_change_language" name="test_pay" time="15.081" /><testcase classname="full_paid_with_change_language" name="test_finish" time="0.119" /></testsuite></testsuites>