<?xml version="1.0" encoding="utf-8"?><testsuites><testsuite name="pytest" errors="0" failures="0" skipped="0" tests="6" time="49.271" timestamp="2022-08-23T12:04:08.538458" hostname="linux"><testcase classname="full_paid_with_email" name="test_setup" time="13.314" /><testcase classname="full_paid_with_email" name="test_fetch_order" time="10.070" /><testcase classname="full_paid_with_email" name="test_checkout" time="6.333" /><testcase classname="full_paid_with_email" name="test_pay" time="15.087" /><testcase classname="full_paid_with_email" name="test_email" time="4.214" /><testcase classname="full_paid_with_email" name="test_finish" time="0.080" /></testsuite></testsuites>