<?xml version="1.0" encoding="utf-8"?><testsuites><testsuite name="pytest" errors="0" failures="0" skipped="0" tests="8" time="58.891" timestamp="2022-08-23T12:03:09.397662" hostname="linux"><testcase classname="full_paid_with_edit_name" name="test_qr" time="13.714" /><testcase classname="full_paid_with_edit_name" name="test_fetch_order" time="10.072" /><testcase classname="full_paid_with_edit_name" name="test_split" time="4.084" /><testcase classname="full_paid_with_edit_name" name="test_edit_name" time="4.199" /><testcase classname="full_paid_with_edit_name" name="test_tip" time="5.119" /><testcase classname="full_paid_with_edit_name" name="test_checkout" time="6.327" /><testcase classname="full_paid_with_edit_name" name="test_pay" time="15.072" /><testcase classname="full_paid_with_edit_name" name="test_finish" time="0.082" /></testsuite></testsuites>