<?xml version="1.0" encoding="utf-8"?><testsuites><testsuite name="pytest" errors="0" failures="0" skipped="0" tests="8" time="53.974" timestamp="2022-08-23T12:08:24.552306" hostname="linux"><testcase classname="partial_paid" name="test_qr" time="13.726" /><testcase classname="partial_paid" name="test_fetch_order" time="10.070" /><testcase classname="partial_paid" name="test_split" time="4.114" /><testcase classname="partial_paid" name="test_edit_name" time="4.194" /><testcase classname="partial_paid" name="test_set_amount" time="0.149" /><testcase classname="partial_paid" name="test_checkout" time="6.345" /><testcase classname="partial_paid" name="test_pay" time="15.106" /><testcase classname="partial_paid" name="test_finish" time="0.084" /></testsuite></testsuites>