<?xml version="1.0" encoding="utf-8"?><testsuites><testsuite name="pytest" errors="0" failures="0" skipped="0" tests="6" time="72.420" timestamp="2022-08-23T12:09:18.794523" hostname="linux"><testcase classname="full_paid_with_stripe" name="test_qr" time="13.370" /><testcase classname="full_paid_with_stripe" name="test_fetch_order" time="9.067" /><testcase classname="full_paid_with_stripe" name="test_add_tip" time="6.102" /><testcase classname="full_paid_with_stripe" name="test_stripe" time="28.474" /><testcase classname="full_paid_with_stripe" name="test_pay" time="15.131" /><testcase classname="full_paid_with_stripe" name="test_finish" time="0.086" /></testsuite></testsuites>