<?xml version="1.0" encoding="utf-8"?><testsuites><testsuite name="pytest" errors="0" failures="0" skipped="0" tests="9" time="63.999" timestamp="2022-08-23T12:04:58.081427" hostname="linux"><testcase classname="full_paid_with_optional_tip_ch" name="test_qr" time="13.574" /><testcase classname="full_paid_with_optional_tip_ch" name="test_fetch_order" time="10.067" /><testcase classname="full_paid_with_optional_tip_ch" name="test_split" time="4.103" /><testcase classname="full_paid_with_optional_tip_ch" name="test_edit_name" time="4.231" /><testcase classname="full_paid_with_optional_tip_ch" name="test_set_amount" time="5.169" /><testcase classname="full_paid_with_optional_tip_ch" name="test_optional_tip" time="5.170" /><testcase classname="full_paid_with_optional_tip_ch" name="test_checkout" time="6.341" /><testcase classname="full_paid_with_optional_tip_ch" name="test_pay" time="15.098" /><testcase classname="full_paid_with_optional_tip_ch" name="test_finish" time="0.082" /></testsuite></testsuites>