<?xml version="1.0" encoding="utf-8"?><testsuites><testsuite name="pytest" errors="0" failures="0" skipped="0" tests="9" time="63.651" timestamp="2022-08-23T12:07:20.650303" hostname="linux"><testcase classname="partial_paid_with_tip_ch" name="test_qr" time="13.373" /><testcase classname="partial_paid_with_tip_ch" name="test_fetch_order" time="10.077" /><testcase classname="partial_paid_with_tip_ch" name="test_split" time="4.119" /><testcase classname="partial_paid_with_tip_ch" name="test_edit_name" time="4.206" /><testcase classname="partial_paid_with_tip_ch" name="test_set_amount" time="5.157" /><testcase classname="partial_paid_with_tip_ch" name="test_tip" time="5.113" /><testcase classname="partial_paid_with_tip_ch" name="test_checkout" time="6.220" /><testcase classname="partial_paid_with_tip_ch" name="test_pay" time="15.102" /><testcase classname="partial_paid_with_tip_ch" name="test_finish" time="0.096" /></testsuite></testsuites>