<?xml version="1.0" encoding="utf-8"?><testsuites><testsuite name="pytest" errors="0" failures="0" skipped="0" tests="6" time="61.408" timestamp="2022-06-12T18:33:38.237901" hostname="linux"><testcase classname="full_paid_with_change_language" name="test_qr" time="18.470" /><testcase classname="full_paid_with_change_language" name="test_fetch_order" time="10.050" /><testcase classname="full_paid_with_change_language" name="test_language" time="7.332" /><testcase classname="full_paid_with_change_language" name="test_stipe" time="15.347" /><testcase classname="full_paid_with_change_language" name="test_pay" time="10.060" /><testcase classname="full_paid_with_change_language" name="test_finish" time="0.068" /></testsuite></testsuites>