<?xml version="1.0" encoding="utf-8"?><testsuites><testsuite name="pytest" errors="0" failures="0" skipped="0" tests="9" time="79.936" timestamp="2022-06-12T18:11:38.697514" hostname="linux"><testcase classname="full_paid_with_optional_tip" name="test_qr" time="13.816" /><testcase classname="full_paid_with_optional_tip" name="test_fetch_order" time="9.057" /><testcase classname="full_paid_with_optional_tip" name="test_optional_tip" time="5.110" /><testcase classname="full_paid_with_optional_tip" name="test_stripe" time="13.318" /><testcase classname="full_paid_with_optional_tip" name="test_pay" time="15.121" /><testcase classname="full_paid_with_optional_tip" name="test_rate" time="3.092" /><testcase classname="full_paid_with_optional_tip" name="test_email" time="10.193" /><testcase classname="full_paid_with_optional_tip" name="test_dl_recipet" time="10.081" /><testcase classname="full_paid_with_optional_tip" name="test_finish" time="0.070" /></testsuite></testsuites>