<?xml version="1.0" encoding="utf-8"?><testsuites><testsuite name="pytest" errors="0" failures="0" skipped="0" tests="7" time="109.724" timestamp="2022-06-12T16:38:15.362961" hostname="linux"><testcase classname="full_paid_with_wrong_card" name="test_qr" time="3.448" /><testcase classname="full_paid_with_wrong_card" name="test_fetch_order" time="20.056" /><testcase classname="full_paid_with_wrong_card" name="test_wrong_card" time="15.411" /><testcase classname="full_paid_with_wrong_card" name="test_pay" time="35.120" /><testcase classname="full_paid_with_wrong_card" name="test_correct_card" time="20.425" /><testcase classname="full_paid_with_wrong_card" name="test_pay_again" time="15.124" /><testcase classname="full_paid_with_wrong_card" name="test_finish" time="0.070" /></testsuite></testsuites>