<?xml version="1.0" encoding="utf-8"?><testsuites><testsuite name="pytest" errors="0" failures="0" skipped="0" tests="8" time="75.366" timestamp="2022-06-12T16:08:48.026933" hostname="linux"><testcase classname="full_paid" name="test_qr" time="14.296" /><testcase classname="full_paid" name="test_fetch_order" time="9.058" /><testcase classname="full_paid" name="test_stripe" time="13.499" /><testcase classname="full_paid" name="test_pay" time="15.056" /><testcase classname="full_paid" name="test_rate" time="3.065" /><testcase classname="full_paid" name="test_email" time="10.158" /><testcase classname="full_paid" name="test_dl_recipet" time="10.085" /><testcase classname="full_paid" name="test_finish" time="0.070" /></testsuite></testsuites>