<?xml version="1.0" encoding="utf-8"?><testsuites><testsuite name="pytest" errors="0" failures="0" skipped="0" tests="8" time="52.949" timestamp="2022-07-21T11:09:13.345580" hostname="linux"><testcase classname="partial_paid" name="test_qr" time="12.955" /><testcase classname="partial_paid" name="test_fetch_order" time="10.059" /><testcase classname="partial_paid" name="test_split" time="4.082" /><testcase classname="partial_paid" name="test_edit_name" time="4.178" /><testcase classname="partial_paid" name="test_set_amount" time="0.105" /><testcase classname="partial_paid" name="test_checkout" time="6.266" /><testcase classname="partial_paid" name="test_pay" time="15.061" /><testcase classname="partial_paid" name="test_finish" time="0.089" /></testsuite></testsuites>