<?xml version="1.0" encoding="utf-8"?><testsuites><testsuite name="pytest" errors="0" failures="0" skipped="0" tests="9" time="58.487" timestamp="2022-07-01T19:34:52.566903" hostname="linux"><testcase classname="tip_paid" name="test_qr" time="13.307" /><testcase classname="tip_paid" name="test_fetch_order" time="10.051" /><testcase classname="tip_paid" name="test_split" time="4.127" /><testcase classname="tip_paid" name="test_edit_name" time="4.166" /><testcase classname="tip_paid" name="test_set_amount" time="0.069" /><testcase classname="tip_paid" name="test_tip" time="5.048" /><testcase classname="tip_paid" name="test_checkout" time="6.448" /><testcase classname="tip_paid" name="test_pay" time="15.052" /><testcase classname="tip_paid" name="test_finish" time="0.074" /></testsuite></testsuites>