<?xml version="1.0" encoding="utf-8"?><testsuites><testsuite name="pytest" errors="0" failures="0" skipped="0" tests="6" time="80.525" timestamp="2022-06-12T19:09:06.985287" hostname="linux"><testcase classname="full_paid_2p" name="test_qr" time="22.601" /><testcase classname="full_paid_2p" name="test_fetch_order" time="13.652" /><testcase classname="full_paid_2p" name="test_stripe" time="13.310" /><testcase classname="full_paid_2p" name="test_pay" time="15.069" /><testcase classname="full_paid_2p" name="test_refresh_button" time="15.730" /><testcase classname="full_paid_2p" name="test_finish" time="0.070" /></testsuite></testsuites>