<?xml version="1.0" encoding="utf-8"?><testsuites><testsuite name="pytest" errors="0" failures="0" skipped="0" tests="8" time="53.422" timestamp="2022-07-01T19:33:17.697430" hostname="linux"><testcase classname="partial_paid" name="test_qr" time="13.502" /><testcase classname="partial_paid" name="test_fetch_order" time="10.050" /><testcase classname="partial_paid" name="test_split" time="4.077" /><testcase classname="partial_paid" name="test_edit_name" time="4.192" /><testcase classname="partial_paid" name="test_set_amount" time="0.121" /><testcase classname="partial_paid" name="test_checkout" time="6.209" /><testcase classname="partial_paid" name="test_pay" time="15.058" /><testcase classname="partial_paid" name="test_finish" time="0.071" /></testsuite></testsuites>