<?xml version="1.0" encoding="utf-8"?><testsuites><testsuite name="pytest" errors="0" failures="0" skipped="0" tests="12" time="92.253" timestamp="2022-06-12T14:54:22.463174" hostname="linux"><testcase classname="partial_paid_with_optional_tip" name="test_qr" time="18.649" /><testcase classname="partial_paid_with_optional_tip" name="test_fetch_order" time="10.051" /><testcase classname="partial_paid_with_optional_tip" name="test_lets_split" time="2.080" /><testcase classname="partial_paid_with_optional_tip" name="test_edit_name" time="2.167" /><testcase classname="partial_paid_with_optional_tip" name="test_set_amount" time="0.137" /><testcase classname="partial_paid_with_optional_tip" name="test_optional_tip" time="5.104" /><testcase classname="partial_paid_with_optional_tip" name="test_stripe" time="15.368" /><testcase classname="partial_paid_with_optional_tip" name="test_pay" time="15.148" /><testcase classname="partial_paid_with_optional_tip" name="test_rate" time="3.143" /><testcase classname="partial_paid_with_optional_tip" name="test_email" time="10.152" /><testcase classname="partial_paid_with_optional_tip" name="test_dl_recipet" time="10.074" /><testcase classname="partial_paid_with_optional_tip" name="test_finish" time="0.079" /></testsuite></testsuites>