<?xml version="1.0" encoding="utf-8"?><testsuites><testsuite name="pytest" errors="0" failures="0" skipped="0" tests="9" time="78.237" timestamp="2022-07-01T19:48:55.434055" hostname="linux"><testcase classname="partial_paid_with_modify_1" name="test_qr" time="13.243" /><testcase classname="partial_paid_with_modify_1" name="test_fetch_order" time="10.054" /><testcase classname="partial_paid_with_modify_1" name="test_split" time="4.076" /><testcase classname="partial_paid_with_modify_1" name="test_edit_name" time="4.203" /><testcase classname="partial_paid_with_modify_1" name="test_set_amount" time="3.107" /><testcase classname="partial_paid_with_modify_1" name="test_checkout" time="13.202" /><testcase classname="partial_paid_with_modify_1" name="test_refresh_button" time="15.077" /><testcase classname="partial_paid_with_modify_1" name="test_pay" time="15.051" /><testcase classname="partial_paid_with_modify_1" name="test_finish" time="0.065" /></testsuite></testsuites>