<?xml version="1.0" encoding="utf-8"?><testsuites><testsuite name="pytest" errors="0" failures="0" skipped="0" tests="8" time="63.416" timestamp="2022-07-01T19:30:13.797538" hostname="linux"><testcase classname="partial_paid_with_modify_1" name="test_qr" time="13.461" /><testcase classname="partial_paid_with_modify_1" name="test_fetch_order" time="10.052" /><testcase classname="partial_paid_with_modify_1" name="test_split" time="4.084" /><testcase classname="partial_paid_with_modify_1" name="test_edit_name" time="4.176" /><testcase classname="partial_paid_with_modify_1" name="test_set_amount" time="3.122" /><testcase classname="partial_paid_with_modify_1" name="test_checkout" time="13.243" /><testcase classname="partial_paid_with_modify_1" name="test_pay" time="15.058" /><testcase classname="partial_paid_with_modify_1" name="test_finish" time="0.073" /></testsuite></testsuites>