<?xml version="1.0" encoding="utf-8"?><testsuites><testsuite name="pytest" errors="0" failures="0" skipped="0" tests="6" time="62.669" timestamp="2022-07-01T18:55:28.808244" hostname="linux"><testcase classname="full_paid_with_change_language" name="test_setup" time="13.609" /><testcase classname="full_paid_with_change_language" name="test_fetch_order" time="10.071" /><testcase classname="full_paid_with_change_language" name="test_language" time="17.322" /><testcase classname="full_paid_with_change_language" name="test_checkout" time="6.322" /><testcase classname="full_paid_with_change_language" name="test_pay" time="15.109" /><testcase classname="full_paid_with_change_language" name="test_finish" time="0.071" /></testsuite></testsuites>