<?xml version="1.0" encoding="utf-8"?><testsuites><testsuite name="pytest" errors="0" failures="0" skipped="0" tests="8" time="82.710" timestamp="2022-06-12T18:20:08.836860" hostname="linux"><testcase classname="full_paid_with_modify_2" name="test_qr" time="18.367" /><testcase classname="full_paid_with_modify_2" name="test_fetch_order" time="10.052" /><testcase classname="full_paid_with_modify_2" name="test_stripe" time="15.455" /><testcase classname="full_paid_with_modify_2" name="test_pay" time="15.100" /><testcase classname="full_paid_with_modify_2" name="test_rate" time="3.178" /><testcase classname="full_paid_with_modify_2" name="test_email" time="10.258" /><testcase classname="full_paid_with_modify_2" name="test_dl_recipet" time="10.132" /><testcase classname="full_paid_with_modify_2" name="test_finish" time="0.075" /></testsuite></testsuites>