<?xml version="1.0" encoding="utf-8"?><testsuites><testsuite name="pytest" errors="0" failures="0" skipped="0" tests="6" time="50.055" timestamp="2022-07-01T18:59:45.056296" hostname="linux"><testcase classname="full_paid_with_email" name="test_setup" time="14.118" /><testcase classname="full_paid_with_email" name="test_fetch_order" time="10.062" /><testcase classname="full_paid_with_email" name="test_checkout" time="6.315" /><testcase classname="full_paid_with_email" name="test_pay" time="15.105" /><testcase classname="full_paid_with_email" name="test_email" time="4.207" /><testcase classname="full_paid_with_email" name="test_finish" time="0.078" /></testsuite></testsuites>