<?xml version="1.0" encoding="utf-8"?><testsuites><testsuite name="pytest" errors="0" failures="0" skipped="0" tests="11" time="94.071" timestamp="2022-06-12T15:55:51.249899" hostname="linux"><testcase classname="partial_paid_with_modify_2" name="test_qr" time="18.422" /><testcase classname="partial_paid_with_modify_2" name="test_fetch_order" time="10.117" /><testcase classname="partial_paid_with_modify_2" name="test_lets_split" time="2.169" /><testcase classname="partial_paid_with_modify_2" name="test_edit_name" time="4.175" /><testcase classname="partial_paid_with_modify_2" name="test_set_amount" time="5.151" /><testcase classname="partial_paid_with_modify_2" name="test_stripe" time="15.314" /><testcase classname="partial_paid_with_modify_2" name="test_pay" time="15.145" /><testcase classname="partial_paid_with_modify_2" name="test_rate" time="3.079" /><testcase classname="partial_paid_with_modify_2" name="test_email" time="10.205" /><testcase classname="partial_paid_with_modify_2" name="test_dl_recipet" time="10.101" /><testcase classname="partial_paid_with_modify_2" name="test_finish" time="0.094" /></testsuite></testsuites>