<?xml version="1.0" encoding="utf-8"?><testsuites><testsuite name="pytest" errors="0" failures="0" skipped="0" tests="9" time="63.369" timestamp="2022-07-21T11:12:53.140141" hostname="linux"><testcase classname="partial_paid_with_tip_ch" name="test_qr" time="13.184" /><testcase classname="partial_paid_with_tip_ch" name="test_fetch_order" time="10.040" /><testcase classname="partial_paid_with_tip_ch" name="test_split" time="4.072" /><testcase classname="partial_paid_with_tip_ch" name="test_edit_name" time="4.226" /><testcase classname="partial_paid_with_tip_ch" name="test_set_amount" time="5.133" /><testcase classname="partial_paid_with_tip_ch" name="test_tip" time="5.123" /><testcase classname="partial_paid_with_tip_ch" name="test_checkout" time="6.222" /><testcase classname="partial_paid_with_tip_ch" name="test_pay" time="15.129" /><testcase classname="partial_paid_with_tip_ch" name="test_finish" time="0.078" /></testsuite></testsuites>