<?xml version="1.0" encoding="utf-8"?><testsuites><testsuite name="pytest" errors="0" failures="0" skipped="0" tests="8" time="68.218" timestamp="2022-07-21T11:04:10.801460" hostname="linux"><testcase classname="full_paid_with_edit_name" name="test_qr" time="18.202" /><testcase classname="full_paid_with_edit_name" name="test_fetch_order" time="15.100" /><testcase classname="full_paid_with_edit_name" name="test_split" time="4.112" /><testcase classname="full_paid_with_edit_name" name="test_edit_name" time="4.188" /><testcase classname="full_paid_with_edit_name" name="test_tip" time="5.054" /><testcase classname="full_paid_with_edit_name" name="test_checkout" time="6.250" /><testcase classname="full_paid_with_edit_name" name="test_pay" time="15.059" /><testcase classname="full_paid_with_edit_name" name="test_finish" time="0.079" /></testsuite></testsuites>