<?xml version="1.0" encoding="utf-8"?><testsuites><testsuite name="pytest" errors="0" failures="0" skipped="0" tests="5" time="40.178" timestamp="2022-07-01T19:24:01.781784" hostname="linux"><testcase classname="full_paid_with_wrong_card" name="test_qr" time="3.369" /><testcase classname="full_paid_with_wrong_card" name="test_fetch_order" time="10.132" /><testcase classname="full_paid_with_wrong_card" name="test_checkout1" time="20.340" /><testcase classname="full_paid_with_wrong_card" name="test_checkout2" time="6.094" /><testcase classname="full_paid_with_wrong_card" name="test_pay" time="0.099" /></testsuite></testsuites>