<?xml version="1.0" encoding="utf-8"?><testsuites><testsuite name="pytest" errors="0" failures="0" skipped="0" tests="9" time="64.108" timestamp="2022-07-01T19:17:47.312119" hostname="linux"><testcase classname="full_paid_with_optional_tip_ch" name="test_qr" time="13.827" /><testcase classname="full_paid_with_optional_tip_ch" name="test_fetch_order" time="10.052" /><testcase classname="full_paid_with_optional_tip_ch" name="test_split" time="4.072" /><testcase classname="full_paid_with_optional_tip_ch" name="test_edit_name" time="4.189" /><testcase classname="full_paid_with_optional_tip_ch" name="test_set_amount" time="5.121" /><testcase classname="full_paid_with_optional_tip_ch" name="test_optional_tip" time="5.113" /><testcase classname="full_paid_with_optional_tip_ch" name="test_checkout" time="6.452" /><testcase classname="full_paid_with_optional_tip_ch" name="test_pay" time="15.055" /><testcase classname="full_paid_with_optional_tip_ch" name="test_finish" time="0.074" /></testsuite></testsuites>