<?xml version="1.0" encoding="utf-8"?><testsuites><testsuite name="pytest" errors="0" failures="0" skipped="0" tests="9" time="64.227" timestamp="2022-07-01T19:31:46.371139" hostname="linux"><testcase classname="partial_paid_with_tip_ch" name="test_qr" time="14.126" /><testcase classname="partial_paid_with_tip_ch" name="test_fetch_order" time="10.049" /><testcase classname="partial_paid_with_tip_ch" name="test_split" time="4.081" /><testcase classname="partial_paid_with_tip_ch" name="test_edit_name" time="4.168" /><testcase classname="partial_paid_with_tip_ch" name="test_set_amount" time="5.221" /><testcase classname="partial_paid_with_tip_ch" name="test_tip" time="5.062" /><testcase classname="partial_paid_with_tip_ch" name="test_checkout" time="6.238" /><testcase classname="partial_paid_with_tip_ch" name="test_pay" time="15.059" /><testcase classname="partial_paid_with_tip_ch" name="test_finish" time="0.073" /></testsuite></testsuites>