<?xml version="1.0" encoding="utf-8"?><testsuites><testsuite name="pytest" errors="0" failures="0" skipped="0" tests="6" time="71.913" timestamp="2022-07-21T11:18:42.857319" hostname="linux"><testcase classname="full_paid_with_tip" name="test_qr" time="18.150" /><testcase classname="full_paid_with_tip" name="test_fetch_order" time="15.054" /><testcase classname="full_paid_with_tip" name="test_add_tip" time="15.097" /><testcase classname="full_paid_with_tip" name="test_checkout" time="8.325" /><testcase classname="full_paid_with_tip" name="test_pay" time="15.062" /><testcase classname="full_paid_with_tip" name="test_finish" time="0.076" /></testsuite></testsuites>