<?xml version="1.0" encoding="utf-8"?><testsuites><testsuite name="pytest" errors="0" failures="0" skipped="0" tests="11" time="84.366" timestamp="2022-06-12T12:33:38.019686" hostname="linux"><testcase classname="partial_paid" name="test_qr" time="12.909" /><testcase classname="partial_paid" name="test_fetch_order" time="9.049" /><testcase classname="partial_paid" name="test_lets_split" time="2.138" /><testcase classname="partial_paid" name="test_edit_name" time="2.285" /><testcase classname="partial_paid" name="test_set_amount" time="6.115" /><testcase classname="partial_paid" name="test_stripe" time="13.358" /><testcase classname="partial_paid" name="test_pay" time="15.059" /><testcase classname="partial_paid" name="test_rate" time="3.074" /><testcase classname="partial_paid" name="test_email" time="10.161" /><testcase classname="partial_paid" name="test_dl_recipet" time="10.060" /><testcase classname="partial_paid" name="test_finish" time="0.076" /></testsuite></testsuites>