<?xml version="1.0" encoding="utf-8"?><testsuites><testsuite name="pytest" errors="0" failures="0" skipped="0" tests="9" time="63.050" timestamp="2022-07-01T18:54:08.385882" hostname="linux"><testcase classname="full_paid_with_edit_name" name="test_qr" time="13.629" /><testcase classname="full_paid_with_edit_name" name="test_fetch_order" time="10.087" /><testcase classname="full_paid_with_edit_name" name="test_split" time="4.098" /><testcase classname="full_paid_with_edit_name" name="test_edit_name" time="4.204" /><testcase classname="full_paid_with_edit_name" name="test_tip" time="5.086" /><testcase classname="full_paid_with_edit_name" name="test_checkout" time="6.404" /><testcase classname="full_paid_with_edit_name" name="test_pay" time="15.071" /><testcase classname="full_paid_with_edit_name" name="test_email" time="4.208" /><testcase classname="full_paid_with_edit_name" name="test_finish" time="0.077" /></testsuite></testsuites>