<?xml version="1.0" encoding="utf-8"?><testsuites><testsuite name="pytest" errors="0" failures="0" skipped="0" tests="56" time="521.391" timestamp="2022-10-10T13:21:49.865827" hostname="linux"><testcase classname="full_paid_with_3ds" name="test_qr" time="13.257" /><testcase classname="full_paid_with_3ds" name="test_fetch_order" time="7.076" /><testcase classname="full_paid_with_3ds" name="test_stripe" time="5.221" /><testcase classname="full_paid_with_3ds" name="test_pay" time="15.058" /><testcase classname="full_paid_with_3ds" name="test_finish" time="0.082" /><testcase classname="full_paid_with_mastercard" name="test_qr" time="13.240" /><testcase classname="full_paid_with_mastercard" name="test_fetch_order" time="7.169" /><testcase classname="full_paid_with_mastercard" name="test_stripe" time="11.311" /><testcase classname="full_paid_with_mastercard" name="test_pay" time="15.057" /><testcase classname="full_paid_with_mastercard" name="test_finish" time="0.109" /><testcase classname="full_paid_with_tip" name="test_qr" time="13.317" /><testcase classname="full_paid_with_tip" name="test_fetch_order" time="7.098" /><testcase classname="full_paid_with_tip" name="test_tip" time="5.067" /><testcase classname="full_paid_with_tip" name="test_stripe" time="11.276" /><testcase classname="full_paid_with_tip" name="test_pay" time="15.116" /><testcase classname="full_paid_with_tip" name="test_finish" time="0.077" /><testcase classname="full_paid_with_visa" name="test_qr" time="13.395" /><testcase classname="full_paid_with_visa" name="test_fetch_order" time="7.082" /><testcase classname="full_paid_with_visa" name="test_stripe" time="11.319" /><testcase classname="full_paid_with_visa" name="test_pay" time="15.070" /><testcase classname="full_paid_with_visa" name="test_finish" time="0.079" /><testcase classname="full_paid_with_wrong_card" name="test_qr" time="13.633" /><testcase classname="full_paid_with_wrong_card" name="test_fetch_order" time="7.084" /><testcase classname="full_paid_with_wrong_card" name="test_stripe_wrong_card" time="11.276" /><testcase classname="full_paid_with_wrong_card" name="test_pay" time="10.053" /><testcase classname="full_paid_with_wrong_card" name="test_stripe" time="11.244" /><testcase classname="full_paid_with_wrong_card" name="test_pay_again" time="15.059" /><testcase classname="full_paid_with_wrong_card" name="test_finish" time="0.082" /><testcase classname="partial_paid_with_customtip" name="test_qr" time="13.325" /><testcase classname="partial_paid_with_customtip" name="test_fetch_order" time="7.084" /><testcase classname="partial_paid_with_customtip" name="test_split" time="10.075" /><testcase classname="partial_paid_with_customtip" name="test_bycustom" time="7.051" /><testcase classname="partial_paid_with_customtip" name="test_select" time="7.214" /><testcase classname="partial_paid_with_customtip" name="test_confirm" time="15.071" /><testcase classname="partial_paid_with_customtip" name="test_optional_tip" time="7.108" /><testcase classname="partial_paid_with_customtip" name="test_stripe" time="11.392" /><testcase classname="partial_paid_with_customtip" name="test_pay" time="15.059" /><testcase classname="partial_paid_with_customtip" name="test_finish" time="0.088" /><testcase classname="partial_paid_with_mastercard" name="test_qr" time="13.383" /><testcase classname="partial_paid_with_mastercard" name="test_fetch_order" time="7.093" /><testcase classname="partial_paid_with_mastercard" name="test_split" time="10.094" /><testcase classname="partial_paid_with_mastercard" name="test_bycustom" time="7.122" /><testcase classname="partial_paid_with_mastercard" name="test_select" time="7.138" /><testcase classname="partial_paid_with_mastercard" name="test_confirm" time="15.108" /><testcase classname="partial_paid_with_mastercard" name="test_stripe" time="11.256" /><testcase classname="partial_paid_with_mastercard" name="test_pay" time="15.060" /><testcase classname="partial_paid_with_mastercard" name="test_finish" time="0.250" /><testcase classname="partial_paid_with_visa" name="test_qr" time="13.291" /><testcase classname="partial_paid_with_visa" name="test_fetch_order" time="7.107" /><testcase classname="partial_paid_with_visa" name="test_split" time="10.067" /><testcase classname="partial_paid_with_visa" name="test_bycustom" time="7.054" /><testcase classname="partial_paid_with_visa" name="test_select" time="7.158" /><testcase classname="partial_paid_with_visa" name="test_confirm" time="15.143" /><testcase classname="partial_paid_with_visa" name="test_stripe" time="11.269" /><testcase classname="partial_paid_with_visa" name="test_pay" time="15.058" /><testcase classname="partial_paid_with_visa" name="test_finish" time="0.090" /></testsuite></testsuites>